<?xml version="1.0" encoding="UTF-8"?>
<!-- Generated by org.testng.reporters.JUnitReportReporter -->
<testsuite skipped="0" hostname="LAPTOP-J985O40L" name="appium.java.aulas.Aula4" tests="2" failures="0" timestamp="2019-08-29T20:40:49 BOT" time="6.535" errors="0">
  <testcase name="movimentsDragAndDrop" time="4.114" classname="appium.java.aulas.Aula4"/>
  <testcase name="movimentsScroll" time="2.421" classname="appium.java.aulas.Aula4"/>
</testsuite> <!-- appium.java.aulas.Aula4 -->
