<?xml version="1.0" encoding="UTF-8"?>
<!-- Generated by org.testng.reporters.JUnitReportReporter -->
<testsuite skipped="0" hostname="LAPTOP-J985O40L" name="appium.java.aulas.Aula4" tests="2" failures="0" timestamp="2019-08-29T21:16:00 BOT" time="7.512" errors="0">
  <testcase name="movimentsDragAndDrop" time="5.103" classname="appium.java.aulas.Aula4"/>
  <testcase name="movimentsScroll" time="2.409" classname="appium.java.aulas.Aula4"/>
</testsuite> <!-- appium.java.aulas.Aula4 -->
