<?xml version="1.0" encoding="UTF-8"?>
<!-- Generated by org.testng.reporters.JUnitReportReporter -->
<testsuite skipped="0" hostname="LAPTOP-J985O40L" name="appium.java.aulas.MultDevices" tests="1" failures="0" timestamp="2019-09-12T21:34:43 BOT" time="39.723" errors="0">
  <testcase name="criarEventoTest" time="39.723" classname="appium.java.aulas.MultDevices"/>
</testsuite> <!-- appium.java.aulas.MultDevices -->
