<?xml version="1.0" encoding="UTF-8"?>
<!-- Generated by org.testng.reporters.JUnitReportReporter -->
<testsuite skipped="0" hostname="LAPTOP-J985O40L" name="appium.java.aulas.Aula3" tests="5" failures="0" timestamp="2019-08-27T21:39:41 BOT" time="22.537" errors="0">
  <testcase name="testeBuscarProjetoHefesto" time="6.566" classname="appium.java.aulas.Aula3"/>
  <testcase name="testeOrdenarbuscarProjetoHefesto" time="4.779" classname="appium.java.aulas.Aula3"/>
  <testcase name="testeCompartilharVideoPorEmail" time="4.608" classname="appium.java.aulas.Aula3"/>
  <testcase name="testeDefinirDestinatarioAssunto" time="5.852" classname="appium.java.aulas.Aula3"/>
  <testcase name="testeEnviarEmail" time="0.732" classname="appium.java.aulas.Aula3"/>
</testsuite> <!-- appium.java.aulas.Aula3 -->
