<?xml version="1.0" encoding="UTF-8"?>
<!-- Generated by org.testng.reporters.JUnitReportReporter -->
<testsuite skipped="0" hostname="LAPTOP-J985O40L" name="appium.java.aulas.Aula6" tests="2" failures="0" timestamp="2019-09-10T19:55:35 BOT" time="24.079" errors="0">
  <testcase name="criarEventoTest" time="20.567" classname="appium.java.aulas.Aula6"/>
  <testcase name="ScreenshotTest" time="3.512" classname="appium.java.aulas.Aula6"/>
</testsuite> <!-- appium.java.aulas.Aula6 -->
